3.5985 	WARNING 	psychopy.parallel has been imported but no parallel port driver found. Install either inpout32, inpoutx64 or dlportio
8.4561 	WARNING 	Image 'D:\北科-项目材料\2025世界机器人大赛-BCI脑控机器人大赛\MetaBCI-master\metabci\brainstim\textures\back.png' was not a square power-of-two ' 'image. Linearly interpolating to be 2048x2048
19.7313 	WARNING 	Image 'D:\北科-项目材料\2025世界机器人大赛-BCI脑控机器人大赛\MetaBCI-master\metabci\brainstim\textures\left_hand.jpeg' was not a square power-of-two ' 'image. Linearly interpolating to be 512x512
19.7519 	WARNING 	Image 'D:\北科-项目材料\2025世界机器人大赛-BCI脑控机器人大赛\MetaBCI-master\metabci\brainstim\textures\right_hand.jpeg' was not a square power-of-two ' 'image. Linearly interpolating to be 512x512
19.7730 	WARNING 	Image 'D:\北科-项目材料\2025世界机器人大赛-BCI脑控机器人大赛\MetaBCI-master\metabci\brainstim\textures\feet.jpeg' was not a square power-of-two ' 'image. Linearly interpolating to be 512x512
19.7988 	WARNING 	Image 'D:\北科-项目材料\2025世界机器人大赛-BCI脑控机器人大赛\MetaBCI-master\metabci\brainstim\textures\both_hands.jpeg' was not a square power-of-two ' 'image. Linearly interpolating to be 512x512
19.8185 	WARNING 	Multiple images have needed resizing - I'll stop bothering you!
19.8382 	WARNING 	Multiple images have needed resizing - I'll stop bothering you!
19.8552 	WARNING 	Multiple images have needed resizing - I'll stop bothering you!
19.8737 	WARNING 	Multiple images have needed resizing - I'll stop bothering you!
19.8962 	WARNING 	Multiple images have needed resizing - I'll stop bothering you!
19.9185 	WARNING 	Multiple images have needed resizing - I'll stop bothering you!
19.9355 	WARNING 	Multiple images have needed resizing - I'll stop bothering you!
19.9525 	WARNING 	Multiple images have needed resizing - I'll stop bothering you!
21.0381 	WARNING 	Multiple images have needed resizing - I'll stop bothering you!
21.0805 	WARNING 	Multiple images have needed resizing - I'll stop bothering you!
21.1083 	WARNING 	Multiple images have needed resizing - I'll stop bothering you!
21.1394 	WARNING 	Multiple images have needed resizing - I'll stop bothering you!
21.1699 	WARNING 	Multiple images have needed resizing - I'll stop bothering you!
21.2014 	WARNING 	Multiple images have needed resizing - I'll stop bothering you!
21.2332 	WARNING 	Multiple images have needed resizing - I'll stop bothering you!
21.2629 	WARNING 	Multiple images have needed resizing - I'll stop bothering you!
21.2891 	WARNING 	Multiple images have needed resizing - I'll stop bothering you!
21.3213 	WARNING 	Multiple images have needed resizing - I'll stop bothering you!
21.3522 	WARNING 	Multiple images have needed resizing - I'll stop bothering you!
21.3813 	WARNING 	Multiple images have needed resizing - I'll stop bothering you!
21.4106 	WARNING 	Multiple images have needed resizing - I'll stop bothering you!
21.4430 	WARNING 	Multiple images have needed resizing - I'll stop bothering you!
21.4739 	WARNING 	Multiple images have needed resizing - I'll stop bothering you!
21.5064 	WARNING 	Multiple images have needed resizing - I'll stop bothering you!
21.5363 	WARNING 	Multiple images have needed resizing - I'll stop bothering you!
21.5689 	WARNING 	Multiple images have needed resizing - I'll stop bothering you!
21.6010 	WARNING 	Multiple images have needed resizing - I'll stop bothering you!
21.6343 	WARNING 	Multiple images have needed resizing - I'll stop bothering you!
21.6685 	WARNING 	Multiple images have needed resizing - I'll stop bothering you!
21.6990 	WARNING 	Multiple images have needed resizing - I'll stop bothering you!
21.7294 	WARNING 	Multiple images have needed resizing - I'll stop bothering you!
21.7592 	WARNING 	Multiple images have needed resizing - I'll stop bothering you!
21.7881 	WARNING 	Multiple images have needed resizing - I'll stop bothering you!
21.8176 	WARNING 	Multiple images have needed resizing - I'll stop bothering you!
21.8467 	WARNING 	Multiple images have needed resizing - I'll stop bothering you!
21.8755 	WARNING 	Multiple images have needed resizing - I'll stop bothering you!
21.9052 	WARNING 	Multiple images have needed resizing - I'll stop bothering you!
21.9351 	WARNING 	Multiple images have needed resizing - I'll stop bothering you!
21.9668 	WARNING 	Multiple images have needed resizing - I'll stop bothering you!
21.9977 	WARNING 	Multiple images have needed resizing - I'll stop bothering you!
22.0282 	WARNING 	Multiple images have needed resizing - I'll stop bothering you!
22.0584 	WARNING 	Multiple images have needed resizing - I'll stop bothering you!
22.0896 	WARNING 	Multiple images have needed resizing - I'll stop bothering you!
22.1204 	WARNING 	Multiple images have needed resizing - I'll stop bothering you!
22.1498 	WARNING 	Multiple images have needed resizing - I'll stop bothering you!
22.1809 	WARNING 	Multiple images have needed resizing - I'll stop bothering you!
22.2084 	WARNING 	Multiple images have needed resizing - I'll stop bothering you!
22.2406 	WARNING 	Multiple images have needed resizing - I'll stop bothering you!
22.2686 	WARNING 	Multiple images have needed resizing - I'll stop bothering you!
22.2973 	WARNING 	Multiple images have needed resizing - I'll stop bothering you!
22.3236 	WARNING 	Multiple images have needed resizing - I'll stop bothering you!
22.3538 	WARNING 	Multiple images have needed resizing - I'll stop bothering you!
22.3847 	WARNING 	Multiple images have needed resizing - I'll stop bothering you!
22.4154 	WARNING 	Multiple images have needed resizing - I'll stop bothering you!
22.4416 	WARNING 	Multiple images have needed resizing - I'll stop bothering you!
22.4726 	WARNING 	Multiple images have needed resizing - I'll stop bothering you!
22.5008 	WARNING 	Multiple images have needed resizing - I'll stop bothering you!
22.5382 	WARNING 	Multiple images have needed resizing - I'll stop bothering you!
22.5682 	WARNING 	Multiple images have needed resizing - I'll stop bothering you!
22.5981 	WARNING 	Multiple images have needed resizing - I'll stop bothering you!
22.6249 	WARNING 	Multiple images have needed resizing - I'll stop bothering you!
22.6563 	WARNING 	Multiple images have needed resizing - I'll stop bothering you!
22.6866 	WARNING 	Multiple images have needed resizing - I'll stop bothering you!
22.7179 	WARNING 	Multiple images have needed resizing - I'll stop bothering you!
22.7456 	WARNING 	Multiple images have needed resizing - I'll stop bothering you!
22.7723 	WARNING 	Multiple images have needed resizing - I'll stop bothering you!
22.8006 	WARNING 	Multiple images have needed resizing - I'll stop bothering you!
22.8314 	WARNING 	Multiple images have needed resizing - I'll stop bothering you!
22.8579 	WARNING 	Multiple images have needed resizing - I'll stop bothering you!
22.8916 	WARNING 	Multiple images have needed resizing - I'll stop bothering you!
22.9227 	WARNING 	Multiple images have needed resizing - I'll stop bothering you!
22.9562 	WARNING 	Multiple images have needed resizing - I'll stop bothering you!
22.9866 	WARNING 	Multiple images have needed resizing - I'll stop bothering you!
23.0170 	WARNING 	Multiple images have needed resizing - I'll stop bothering you!
23.0482 	WARNING 	Multiple images have needed resizing - I'll stop bothering you!
23.0801 	WARNING 	Multiple images have needed resizing - I'll stop bothering you!
23.1108 	WARNING 	Multiple images have needed resizing - I'll stop bothering you!
23.1386 	WARNING 	Multiple images have needed resizing - I'll stop bothering you!
23.1673 	WARNING 	Multiple images have needed resizing - I'll stop bothering you!
23.1993 	WARNING 	Multiple images have needed resizing - I'll stop bothering you!
23.2255 	WARNING 	Multiple images have needed resizing - I'll stop bothering you!
23.2579 	WARNING 	Multiple images have needed resizing - I'll stop bothering you!
23.2897 	WARNING 	Multiple images have needed resizing - I'll stop bothering you!
23.3207 	WARNING 	Multiple images have needed resizing - I'll stop bothering you!
23.3508 	WARNING 	Multiple images have needed resizing - I'll stop bothering you!
23.3790 	WARNING 	Multiple images have needed resizing - I'll stop bothering you!
23.4049 	WARNING 	Multiple images have needed resizing - I'll stop bothering you!
23.4340 	WARNING 	Multiple images have needed resizing - I'll stop bothering you!
23.4649 	WARNING 	Multiple images have needed resizing - I'll stop bothering you!
23.4910 	WARNING 	Multiple images have needed resizing - I'll stop bothering you!
23.5211 	WARNING 	Multiple images have needed resizing - I'll stop bothering you!
23.5540 	WARNING 	Multiple images have needed resizing - I'll stop bothering you!
23.5839 	WARNING 	Multiple images have needed resizing - I'll stop bothering you!
23.6130 	WARNING 	Multiple images have needed resizing - I'll stop bothering you!
23.6413 	WARNING 	Multiple images have needed resizing - I'll stop bothering you!
23.6722 	WARNING 	Multiple images have needed resizing - I'll stop bothering you!
23.7003 	WARNING 	Multiple images have needed resizing - I'll stop bothering you!
23.7308 	WARNING 	Multiple images have needed resizing - I'll stop bothering you!
23.7584 	WARNING 	Multiple images have needed resizing - I'll stop bothering you!
23.7897 	WARNING 	Multiple images have needed resizing - I'll stop bothering you!
23.8213 	WARNING 	Multiple images have needed resizing - I'll stop bothering you!
23.8549 	WARNING 	Multiple images have needed resizing - I'll stop bothering you!
23.8853 	WARNING 	Multiple images have needed resizing - I'll stop bothering you!
23.9151 	WARNING 	Multiple images have needed resizing - I'll stop bothering you!
23.9462 	WARNING 	Multiple images have needed resizing - I'll stop bothering you!
23.9746 	WARNING 	Multiple images have needed resizing - I'll stop bothering you!
24.0065 	WARNING 	Multiple images have needed resizing - I'll stop bothering you!
24.0358 	WARNING 	Multiple images have needed resizing - I'll stop bothering you!
24.0676 	WARNING 	Multiple images have needed resizing - I'll stop bothering you!
24.0979 	WARNING 	Multiple images have needed resizing - I'll stop bothering you!
24.1244 	WARNING 	Multiple images have needed resizing - I'll stop bothering you!
24.1547 	WARNING 	Multiple images have needed resizing - I'll stop bothering you!
24.1847 	WARNING 	Multiple images have needed resizing - I'll stop bothering you!
24.2147 	WARNING 	Multiple images have needed resizing - I'll stop bothering you!
24.2491 	WARNING 	Multiple images have needed resizing - I'll stop bothering you!
24.2785 	WARNING 	Multiple images have needed resizing - I'll stop bothering you!
24.3051 	WARNING 	Multiple images have needed resizing - I'll stop bothering you!
24.3345 	WARNING 	Multiple images have needed resizing - I'll stop bothering you!
24.3646 	WARNING 	Multiple images have needed resizing - I'll stop bothering you!
24.3914 	WARNING 	Multiple images have needed resizing - I'll stop bothering you!
24.4219 	WARNING 	Multiple images have needed resizing - I'll stop bothering you!
24.4508 	WARNING 	Multiple images have needed resizing - I'll stop bothering you!
24.4819 	WARNING 	Multiple images have needed resizing - I'll stop bothering you!
24.5108 	WARNING 	Multiple images have needed resizing - I'll stop bothering you!
24.5384 	WARNING 	Multiple images have needed resizing - I'll stop bothering you!
24.5681 	WARNING 	Multiple images have needed resizing - I'll stop bothering you!
24.5996 	WARNING 	Multiple images have needed resizing - I'll stop bothering you!
24.6292 	WARNING 	Multiple images have needed resizing - I'll stop bothering you!
24.6587 	WARNING 	Multiple images have needed resizing - I'll stop bothering you!
24.6893 	WARNING 	Multiple images have needed resizing - I'll stop bothering you!
24.7199 	WARNING 	Multiple images have needed resizing - I'll stop bothering you!
24.7530 	WARNING 	Multiple images have needed resizing - I'll stop bothering you!
24.7843 	WARNING 	Multiple images have needed resizing - I'll stop bothering you!
24.8146 	WARNING 	Multiple images have needed resizing - I'll stop bothering you!
24.8483 	WARNING 	Multiple images have needed resizing - I'll stop bothering you!
24.8837 	WARNING 	Multiple images have needed resizing - I'll stop bothering you!
24.9127 	WARNING 	Multiple images have needed resizing - I'll stop bothering you!
24.9416 	WARNING 	Multiple images have needed resizing - I'll stop bothering you!
24.9721 	WARNING 	Multiple images have needed resizing - I'll stop bothering you!
25.0000 	WARNING 	Multiple images have needed resizing - I'll stop bothering you!
25.0288 	WARNING 	Multiple images have needed resizing - I'll stop bothering you!
25.0581 	WARNING 	Multiple images have needed resizing - I'll stop bothering you!
25.0892 	WARNING 	Multiple images have needed resizing - I'll stop bothering you!
25.1177 	WARNING 	Multiple images have needed resizing - I'll stop bothering you!
25.1515 	WARNING 	Multiple images have needed resizing - I'll stop bothering you!
25.1821 	WARNING 	Multiple images have needed resizing - I'll stop bothering you!
25.2100 	WARNING 	Multiple images have needed resizing - I'll stop bothering you!
25.2424 	WARNING 	Multiple images have needed resizing - I'll stop bothering you!
25.2768 	WARNING 	Multiple images have needed resizing - I'll stop bothering you!
25.3093 	WARNING 	Multiple images have needed resizing - I'll stop bothering you!
25.3405 	WARNING 	Multiple images have needed resizing - I'll stop bothering you!
25.3728 	WARNING 	Multiple images have needed resizing - I'll stop bothering you!
25.4020 	WARNING 	Multiple images have needed resizing - I'll stop bothering you!
25.4316 	WARNING 	Multiple images have needed resizing - I'll stop bothering you!
25.4583 	WARNING 	Multiple images have needed resizing - I'll stop bothering you!
25.4895 	WARNING 	Multiple images have needed resizing - I'll stop bothering you!
25.5203 	WARNING 	Multiple images have needed resizing - I'll stop bothering you!
25.5510 	WARNING 	Multiple images have needed resizing - I'll stop bothering you!
25.5816 	WARNING 	Multiple images have needed resizing - I'll stop bothering you!
25.6102 	WARNING 	Multiple images have needed resizing - I'll stop bothering you!
25.6393 	WARNING 	Multiple images have needed resizing - I'll stop bothering you!
25.6668 	WARNING 	Multiple images have needed resizing - I'll stop bothering you!
25.6979 	WARNING 	Multiple images have needed resizing - I'll stop bothering you!
25.7311 	WARNING 	Multiple images have needed resizing - I'll stop bothering you!
25.7597 	WARNING 	Multiple images have needed resizing - I'll stop bothering you!
25.7891 	WARNING 	Multiple images have needed resizing - I'll stop bothering you!
25.8176 	WARNING 	Multiple images have needed resizing - I'll stop bothering you!
25.8478 	WARNING 	Multiple images have needed resizing - I'll stop bothering you!
25.8742 	WARNING 	Multiple images have needed resizing - I'll stop bothering you!
25.9026 	WARNING 	Multiple images have needed resizing - I'll stop bothering you!
25.9314 	WARNING 	Multiple images have needed resizing - I'll stop bothering you!
25.9588 	WARNING 	Multiple images have needed resizing - I'll stop bothering you!
25.9914 	WARNING 	Multiple images have needed resizing - I'll stop bothering you!
26.0218 	WARNING 	Multiple images have needed resizing - I'll stop bothering you!
26.0517 	WARNING 	Multiple images have needed resizing - I'll stop bothering you!
26.0811 	WARNING 	Multiple images have needed resizing - I'll stop bothering you!
26.1076 	WARNING 	Multiple images have needed resizing - I'll stop bothering you!
26.1365 	WARNING 	Multiple images have needed resizing - I'll stop bothering you!
26.1671 	WARNING 	Multiple images have needed resizing - I'll stop bothering you!
26.1933 	WARNING 	Multiple images have needed resizing - I'll stop bothering you!
26.2224 	WARNING 	Multiple images have needed resizing - I'll stop bothering you!
26.2500 	WARNING 	Multiple images have needed resizing - I'll stop bothering you!
26.2781 	WARNING 	Multiple images have needed resizing - I'll stop bothering you!
26.3063 	WARNING 	Multiple images have needed resizing - I'll stop bothering you!
26.3369 	WARNING 	Multiple images have needed resizing - I'll stop bothering you!
26.3687 	WARNING 	Multiple images have needed resizing - I'll stop bothering you!
26.4007 	WARNING 	Multiple images have needed resizing - I'll stop bothering you!
26.4357 	WARNING 	Multiple images have needed resizing - I'll stop bothering you!
26.4648 	WARNING 	Multiple images have needed resizing - I'll stop bothering you!
26.4958 	WARNING 	Multiple images have needed resizing - I'll stop bothering you!
26.5242 	WARNING 	Multiple images have needed resizing - I'll stop bothering you!
26.5540 	WARNING 	Multiple images have needed resizing - I'll stop bothering you!
26.5843 	WARNING 	Multiple images have needed resizing - I'll stop bothering you!
26.6142 	WARNING 	Multiple images have needed resizing - I'll stop bothering you!
26.6445 	WARNING 	Multiple images have needed resizing - I'll stop bothering you!
26.6763 	WARNING 	Multiple images have needed resizing - I'll stop bothering you!
26.7087 	WARNING 	Multiple images have needed resizing - I'll stop bothering you!
26.7392 	WARNING 	Multiple images have needed resizing - I'll stop bothering you!
26.7681 	WARNING 	Multiple images have needed resizing - I'll stop bothering you!
26.7978 	WARNING 	Multiple images have needed resizing - I'll stop bothering you!
26.8257 	WARNING 	Multiple images have needed resizing - I'll stop bothering you!
26.8573 	WARNING 	Multiple images have needed resizing - I'll stop bothering you!
26.8900 	WARNING 	Multiple images have needed resizing - I'll stop bothering you!
26.9210 	WARNING 	Multiple images have needed resizing - I'll stop bothering you!
26.9502 	WARNING 	Multiple images have needed resizing - I'll stop bothering you!
26.9776 	WARNING 	Multiple images have needed resizing - I'll stop bothering you!
27.0075 	WARNING 	Multiple images have needed resizing - I'll stop bothering you!
27.0372 	WARNING 	Multiple images have needed resizing - I'll stop bothering you!
27.0683 	WARNING 	Multiple images have needed resizing - I'll stop bothering you!
27.0977 	WARNING 	Multiple images have needed resizing - I'll stop bothering you!
27.1262 	WARNING 	Multiple images have needed resizing - I'll stop bothering you!
27.1588 	WARNING 	Multiple images have needed resizing - I'll stop bothering you!
27.1892 	WARNING 	Multiple images have needed resizing - I'll stop bothering you!
27.2189 	WARNING 	Multiple images have needed resizing - I'll stop bothering you!
27.2485 	WARNING 	Multiple images have needed resizing - I'll stop bothering you!
27.2744 	WARNING 	Multiple images have needed resizing - I'll stop bothering you!
27.3046 	WARNING 	Multiple images have needed resizing - I'll stop bothering you!
27.3346 	WARNING 	Multiple images have needed resizing - I'll stop bothering you!
27.3640 	WARNING 	Multiple images have needed resizing - I'll stop bothering you!
27.3979 	WARNING 	Multiple images have needed resizing - I'll stop bothering you!
27.4304 	WARNING 	Multiple images have needed resizing - I'll stop bothering you!
27.4598 	WARNING 	Multiple images have needed resizing - I'll stop bothering you!
27.4931 	WARNING 	Multiple images have needed resizing - I'll stop bothering you!
27.5261 	WARNING 	Multiple images have needed resizing - I'll stop bothering you!
27.5554 	WARNING 	Multiple images have needed resizing - I'll stop bothering you!
27.5821 	WARNING 	Multiple images have needed resizing - I'll stop bothering you!
27.6084 	WARNING 	Multiple images have needed resizing - I'll stop bothering you!
27.6403 	WARNING 	Multiple images have needed resizing - I'll stop bothering you!
27.6688 	WARNING 	Multiple images have needed resizing - I'll stop bothering you!
27.6972 	WARNING 	Multiple images have needed resizing - I'll stop bothering you!
27.7248 	WARNING 	Multiple images have needed resizing - I'll stop bothering you!
27.7576 	WARNING 	Multiple images have needed resizing - I'll stop bothering you!
27.7912 	WARNING 	Multiple images have needed resizing - I'll stop bothering you!
27.8216 	WARNING 	Multiple images have needed resizing - I'll stop bothering you!
27.8546 	WARNING 	Multiple images have needed resizing - I'll stop bothering you!
27.8862 	WARNING 	Multiple images have needed resizing - I'll stop bothering you!
27.9195 	WARNING 	Multiple images have needed resizing - I'll stop bothering you!
27.9508 	WARNING 	Multiple images have needed resizing - I'll stop bothering you!
27.9802 	WARNING 	Multiple images have needed resizing - I'll stop bothering you!
28.0105 	WARNING 	Multiple images have needed resizing - I'll stop bothering you!
28.0388 	WARNING 	Multiple images have needed resizing - I'll stop bothering you!
28.0658 	WARNING 	Multiple images have needed resizing - I'll stop bothering you!
28.0947 	WARNING 	Multiple images have needed resizing - I'll stop bothering you!
28.1220 	WARNING 	Multiple images have needed resizing - I'll stop bothering you!
28.1489 	WARNING 	Multiple images have needed resizing - I'll stop bothering you!
28.1740 	WARNING 	Multiple images have needed resizing - I'll stop bothering you!
28.2050 	WARNING 	Multiple images have needed resizing - I'll stop bothering you!
28.2336 	WARNING 	Multiple images have needed resizing - I'll stop bothering you!
28.2625 	WARNING 	Multiple images have needed resizing - I'll stop bothering you!
28.2896 	WARNING 	Multiple images have needed resizing - I'll stop bothering you!
28.3195 	WARNING 	Multiple images have needed resizing - I'll stop bothering you!
28.3483 	WARNING 	Multiple images have needed resizing - I'll stop bothering you!
28.3752 	WARNING 	Multiple images have needed resizing - I'll stop bothering you!
28.4085 	WARNING 	Multiple images have needed resizing - I'll stop bothering you!
28.4402 	WARNING 	Multiple images have needed resizing - I'll stop bothering you!
28.4696 	WARNING 	Multiple images have needed resizing - I'll stop bothering you!
28.5005 	WARNING 	Multiple images have needed resizing - I'll stop bothering you!
28.5297 	WARNING 	Multiple images have needed resizing - I'll stop bothering you!
28.5585 	WARNING 	Multiple images have needed resizing - I'll stop bothering you!
28.5894 	WARNING 	Multiple images have needed resizing - I'll stop bothering you!
28.6187 	WARNING 	Multiple images have needed resizing - I'll stop bothering you!
28.6483 	WARNING 	Multiple images have needed resizing - I'll stop bothering you!
28.6773 	WARNING 	Multiple images have needed resizing - I'll stop bothering you!
28.7078 	WARNING 	Multiple images have needed resizing - I'll stop bothering you!
28.7376 	WARNING 	Multiple images have needed resizing - I'll stop bothering you!
28.7687 	WARNING 	Multiple images have needed resizing - I'll stop bothering you!
28.8036 	WARNING 	Multiple images have needed resizing - I'll stop bothering you!
28.8347 	WARNING 	Multiple images have needed resizing - I'll stop bothering you!
28.8647 	WARNING 	Multiple images have needed resizing - I'll stop bothering you!
28.8933 	WARNING 	Multiple images have needed resizing - I'll stop bothering you!
28.9230 	WARNING 	Multiple images have needed resizing - I'll stop bothering you!
28.9519 	WARNING 	Multiple images have needed resizing - I'll stop bothering you!
28.9824 	WARNING 	Multiple images have needed resizing - I'll stop bothering you!
29.0097 	WARNING 	Multiple images have needed resizing - I'll stop bothering you!
29.0428 	WARNING 	Multiple images have needed resizing - I'll stop bothering you!
29.0752 	WARNING 	Multiple images have needed resizing - I'll stop bothering you!
29.1083 	WARNING 	Multiple images have needed resizing - I'll stop bothering you!
29.1400 	WARNING 	Multiple images have needed resizing - I'll stop bothering you!
29.1729 	WARNING 	Multiple images have needed resizing - I'll stop bothering you!
29.2053 	WARNING 	Multiple images have needed resizing - I'll stop bothering you!
29.2355 	WARNING 	Multiple images have needed resizing - I'll stop bothering you!
29.2650 	WARNING 	Multiple images have needed resizing - I'll stop bothering you!
29.2919 	WARNING 	Multiple images have needed resizing - I'll stop bothering you!
29.3216 	WARNING 	Multiple images have needed resizing - I'll stop bothering you!
29.3526 	WARNING 	Multiple images have needed resizing - I'll stop bothering you!
29.3822 	WARNING 	Multiple images have needed resizing - I'll stop bothering you!
29.4141 	WARNING 	Multiple images have needed resizing - I'll stop bothering you!
29.4408 	WARNING 	Multiple images have needed resizing - I'll stop bothering you!
29.4707 	WARNING 	Multiple images have needed resizing - I'll stop bothering you!
29.5016 	WARNING 	Multiple images have needed resizing - I'll stop bothering you!
29.5340 	WARNING 	Multiple images have needed resizing - I'll stop bothering you!
29.5642 	WARNING 	Multiple images have needed resizing - I'll stop bothering you!
29.5925 	WARNING 	Multiple images have needed resizing - I'll stop bothering you!
29.6260 	WARNING 	Multiple images have needed resizing - I'll stop bothering you!
29.6555 	WARNING 	Multiple images have needed resizing - I'll stop bothering you!
29.6837 	WARNING 	Multiple images have needed resizing - I'll stop bothering you!
29.7124 	WARNING 	Multiple images have needed resizing - I'll stop bothering you!
29.7389 	WARNING 	Multiple images have needed resizing - I'll stop bothering you!
29.7676 	WARNING 	Multiple images have needed resizing - I'll stop bothering you!
29.8007 	WARNING 	Multiple images have needed resizing - I'll stop bothering you!
29.8306 	WARNING 	Multiple images have needed resizing - I'll stop bothering you!
29.8575 	WARNING 	Multiple images have needed resizing - I'll stop bothering you!
29.8866 	WARNING 	Multiple images have needed resizing - I'll stop bothering you!
29.9173 	WARNING 	Multiple images have needed resizing - I'll stop bothering you!
29.9480 	WARNING 	Multiple images have needed resizing - I'll stop bothering you!
29.9755 	WARNING 	Multiple images have needed resizing - I'll stop bothering you!
30.0061 	WARNING 	Multiple images have needed resizing - I'll stop bothering you!
30.0373 	WARNING 	Multiple images have needed resizing - I'll stop bothering you!
30.0679 	WARNING 	Multiple images have needed resizing - I'll stop bothering you!
30.0973 	WARNING 	Multiple images have needed resizing - I'll stop bothering you!
30.1253 	WARNING 	Multiple images have needed resizing - I'll stop bothering you!
30.1563 	WARNING 	Multiple images have needed resizing - I'll stop bothering you!
30.1874 	WARNING 	Multiple images have needed resizing - I'll stop bothering you!
30.2175 	WARNING 	Multiple images have needed resizing - I'll stop bothering you!
30.2536 	WARNING 	Multiple images have needed resizing - I'll stop bothering you!
30.2831 	WARNING 	Multiple images have needed resizing - I'll stop bothering you!
30.3119 	WARNING 	Multiple images have needed resizing - I'll stop bothering you!
30.3420 	WARNING 	Multiple images have needed resizing - I'll stop bothering you!
30.3740 	WARNING 	Multiple images have needed resizing - I'll stop bothering you!
30.4035 	WARNING 	Multiple images have needed resizing - I'll stop bothering you!
30.4343 	WARNING 	Multiple images have needed resizing - I'll stop bothering you!
30.4622 	WARNING 	Multiple images have needed resizing - I'll stop bothering you!
30.4917 	WARNING 	Multiple images have needed resizing - I'll stop bothering you!
30.5253 	WARNING 	Multiple images have needed resizing - I'll stop bothering you!
30.5553 	WARNING 	Multiple images have needed resizing - I'll stop bothering you!
30.5838 	WARNING 	Multiple images have needed resizing - I'll stop bothering you!
30.6152 	WARNING 	Multiple images have needed resizing - I'll stop bothering you!
30.6434 	WARNING 	Multiple images have needed resizing - I'll stop bothering you!
30.6734 	WARNING 	Multiple images have needed resizing - I'll stop bothering you!
30.7038 	WARNING 	Multiple images have needed resizing - I'll stop bothering you!
30.7360 	WARNING 	Multiple images have needed resizing - I'll stop bothering you!
30.7669 	WARNING 	Multiple images have needed resizing - I'll stop bothering you!
30.7934 	WARNING 	Multiple images have needed resizing - I'll stop bothering you!
30.8216 	WARNING 	Multiple images have needed resizing - I'll stop bothering you!
30.8519 	WARNING 	Multiple images have needed resizing - I'll stop bothering you!
30.8851 	WARNING 	Multiple images have needed resizing - I'll stop bothering you!
30.9189 	WARNING 	Multiple images have needed resizing - I'll stop bothering you!
30.9503 	WARNING 	Multiple images have needed resizing - I'll stop bothering you!
30.9796 	WARNING 	Multiple images have needed resizing - I'll stop bothering you!
31.0059 	WARNING 	Multiple images have needed resizing - I'll stop bothering you!
31.0343 	WARNING 	Multiple images have needed resizing - I'll stop bothering you!
31.0637 	WARNING 	Multiple images have needed resizing - I'll stop bothering you!
31.0928 	WARNING 	Multiple images have needed resizing - I'll stop bothering you!
31.1233 	WARNING 	Multiple images have needed resizing - I'll stop bothering you!
31.1522 	WARNING 	Multiple images have needed resizing - I'll stop bothering you!
31.1838 	WARNING 	Multiple images have needed resizing - I'll stop bothering you!
31.2130 	WARNING 	Multiple images have needed resizing - I'll stop bothering you!
31.2414 	WARNING 	Multiple images have needed resizing - I'll stop bothering you!
31.2734 	WARNING 	Multiple images have needed resizing - I'll stop bothering you!
31.3030 	WARNING 	Multiple images have needed resizing - I'll stop bothering you!
31.3355 	WARNING 	Multiple images have needed resizing - I'll stop bothering you!
31.3664 	WARNING 	Multiple images have needed resizing - I'll stop bothering you!
31.3963 	WARNING 	Multiple images have needed resizing - I'll stop bothering you!
31.4229 	WARNING 	Multiple images have needed resizing - I'll stop bothering you!
31.4517 	WARNING 	Multiple images have needed resizing - I'll stop bothering you!
31.4807 	WARNING 	Multiple images have needed resizing - I'll stop bothering you!
31.5077 	WARNING 	Multiple images have needed resizing - I'll stop bothering you!
31.5370 	WARNING 	Multiple images have needed resizing - I'll stop bothering you!
31.5678 	WARNING 	Multiple images have needed resizing - I'll stop bothering you!
31.5982 	WARNING 	Multiple images have needed resizing - I'll stop bothering you!
31.6252 	WARNING 	Multiple images have needed resizing - I'll stop bothering you!
31.6548 	WARNING 	Multiple images have needed resizing - I'll stop bothering you!
31.6850 	WARNING 	Multiple images have needed resizing - I'll stop bothering you!
31.7183 	WARNING 	Multiple images have needed resizing - I'll stop bothering you!
31.7511 	WARNING 	Multiple images have needed resizing - I'll stop bothering you!
31.7817 	WARNING 	Multiple images have needed resizing - I'll stop bothering you!
31.8124 	WARNING 	Multiple images have needed resizing - I'll stop bothering you!
31.8395 	WARNING 	Multiple images have needed resizing - I'll stop bothering you!
31.8683 	WARNING 	Multiple images have needed resizing - I'll stop bothering you!
31.8980 	WARNING 	Multiple images have needed resizing - I'll stop bothering you!
31.9254 	WARNING 	Multiple images have needed resizing - I'll stop bothering you!
31.9577 	WARNING 	Multiple images have needed resizing - I'll stop bothering you!
31.9872 	WARNING 	Multiple images have needed resizing - I'll stop bothering you!
32.0163 	WARNING 	Multiple images have needed resizing - I'll stop bothering you!
32.0428 	WARNING 	Multiple images have needed resizing - I'll stop bothering you!
32.0733 	WARNING 	Multiple images have needed resizing - I'll stop bothering you!
32.1048 	WARNING 	Multiple images have needed resizing - I'll stop bothering you!
32.1335 	WARNING 	Multiple images have needed resizing - I'll stop bothering you!
32.1629 	WARNING 	Multiple images have needed resizing - I'll stop bothering you!
32.1961 	WARNING 	Multiple images have needed resizing - I'll stop bothering you!
32.2252 	WARNING 	Multiple images have needed resizing - I'll stop bothering you!
32.2560 	WARNING 	Multiple images have needed resizing - I'll stop bothering you!
32.2884 	WARNING 	Multiple images have needed resizing - I'll stop bothering you!
32.3181 	WARNING 	Multiple images have needed resizing - I'll stop bothering you!
32.3474 	WARNING 	Multiple images have needed resizing - I'll stop bothering you!
32.3742 	WARNING 	Multiple images have needed resizing - I'll stop bothering you!
32.4052 	WARNING 	Multiple images have needed resizing - I'll stop bothering you!
32.4337 	WARNING 	Multiple images have needed resizing - I'll stop bothering you!
32.4643 	WARNING 	Multiple images have needed resizing - I'll stop bothering you!
32.4965 	WARNING 	Multiple images have needed resizing - I'll stop bothering you!
32.5262 	WARNING 	Multiple images have needed resizing - I'll stop bothering you!
32.5565 	WARNING 	Multiple images have needed resizing - I'll stop bothering you!
32.5910 	WARNING 	Multiple images have needed resizing - I'll stop bothering you!
32.6233 	WARNING 	Multiple images have needed resizing - I'll stop bothering you!
32.6573 	WARNING 	Multiple images have needed resizing - I'll stop bothering you!
32.6877 	WARNING 	Multiple images have needed resizing - I'll stop bothering you!
32.7227 	WARNING 	Multiple images have needed resizing - I'll stop bothering you!
32.7531 	WARNING 	Multiple images have needed resizing - I'll stop bothering you!
32.7833 	WARNING 	Multiple images have needed resizing - I'll stop bothering you!
32.8118 	WARNING 	Multiple images have needed resizing - I'll stop bothering you!
32.8396 	WARNING 	Multiple images have needed resizing - I'll stop bothering you!
32.8710 	WARNING 	Multiple images have needed resizing - I'll stop bothering you!
32.9041 	WARNING 	Multiple images have needed resizing - I'll stop bothering you!
32.9378 	WARNING 	Multiple images have needed resizing - I'll stop bothering you!
32.9740 	WARNING 	Multiple images have needed resizing - I'll stop bothering you!
33.0097 	WARNING 	Multiple images have needed resizing - I'll stop bothering you!
33.0423 	WARNING 	Multiple images have needed resizing - I'll stop bothering you!
33.0738 	WARNING 	Multiple images have needed resizing - I'll stop bothering you!
33.1034 	WARNING 	Multiple images have needed resizing - I'll stop bothering you!
33.1315 	WARNING 	Multiple images have needed resizing - I'll stop bothering you!
33.1567 	WARNING 	Multiple images have needed resizing - I'll stop bothering you!
33.1842 	WARNING 	Multiple images have needed resizing - I'll stop bothering you!
33.2104 	WARNING 	Multiple images have needed resizing - I'll stop bothering you!
33.2404 	WARNING 	Multiple images have needed resizing - I'll stop bothering you!
33.2672 	WARNING 	Multiple images have needed resizing - I'll stop bothering you!
33.2920 	WARNING 	Multiple images have needed resizing - I'll stop bothering you!
33.3204 	WARNING 	Multiple images have needed resizing - I'll stop bothering you!
33.3505 	WARNING 	Multiple images have needed resizing - I'll stop bothering you!
33.3797 	WARNING 	Multiple images have needed resizing - I'll stop bothering you!
33.4050 	WARNING 	Multiple images have needed resizing - I'll stop bothering you!
33.4333 	WARNING 	Multiple images have needed resizing - I'll stop bothering you!
33.4592 	WARNING 	Multiple images have needed resizing - I'll stop bothering you!
33.4886 	WARNING 	Multiple images have needed resizing - I'll stop bothering you!
33.5166 	WARNING 	Multiple images have needed resizing - I'll stop bothering you!
33.5412 	WARNING 	Multiple images have needed resizing - I'll stop bothering you!
33.5681 	WARNING 	Multiple images have needed resizing - I'll stop bothering you!
33.5945 	WARNING 	Multiple images have needed resizing - I'll stop bothering you!
33.6218 	WARNING 	Multiple images have needed resizing - I'll stop bothering you!
33.6493 	WARNING 	Multiple images have needed resizing - I'll stop bothering you!
33.6743 	WARNING 	Multiple images have needed resizing - I'll stop bothering you!
33.7029 	WARNING 	Multiple images have needed resizing - I'll stop bothering you!
33.7294 	WARNING 	Multiple images have needed resizing - I'll stop bothering you!
33.7556 	WARNING 	Multiple images have needed resizing - I'll stop bothering you!
33.7842 	WARNING 	Multiple images have needed resizing - I'll stop bothering you!
33.8131 	WARNING 	Multiple images have needed resizing - I'll stop bothering you!
33.8404 	WARNING 	Multiple images have needed resizing - I'll stop bothering you!
33.8703 	WARNING 	Multiple images have needed resizing - I'll stop bothering you!
33.9011 	WARNING 	Multiple images have needed resizing - I'll stop bothering you!
33.9307 	WARNING 	Multiple images have needed resizing - I'll stop bothering you!
33.9580 	WARNING 	Multiple images have needed resizing - I'll stop bothering you!
33.9897 	WARNING 	Multiple images have needed resizing - I'll stop bothering you!
34.0235 	WARNING 	Multiple images have needed resizing - I'll stop bothering you!
34.0510 	WARNING 	Multiple images have needed resizing - I'll stop bothering you!
34.0764 	WARNING 	Multiple images have needed resizing - I'll stop bothering you!
34.1060 	WARNING 	Multiple images have needed resizing - I'll stop bothering you!
34.1350 	WARNING 	Multiple images have needed resizing - I'll stop bothering you!
34.1632 	WARNING 	Multiple images have needed resizing - I'll stop bothering you!
34.1912 	WARNING 	Multiple images have needed resizing - I'll stop bothering you!
34.2194 	WARNING 	Multiple images have needed resizing - I'll stop bothering you!
34.2508 	WARNING 	Multiple images have needed resizing - I'll stop bothering you!
34.2832 	WARNING 	Multiple images have needed resizing - I'll stop bothering you!
34.3136 	WARNING 	Multiple images have needed resizing - I'll stop bothering you!
34.3421 	WARNING 	Multiple images have needed resizing - I'll stop bothering you!
34.3718 	WARNING 	Multiple images have needed resizing - I'll stop bothering you!
34.4008 	WARNING 	Multiple images have needed resizing - I'll stop bothering you!
34.4303 	WARNING 	Multiple images have needed resizing - I'll stop bothering you!
34.4597 	WARNING 	Multiple images have needed resizing - I'll stop bothering you!
34.4919 	WARNING 	Multiple images have needed resizing - I'll stop bothering you!
34.5227 	WARNING 	Multiple images have needed resizing - I'll stop bothering you!
34.5555 	WARNING 	Multiple images have needed resizing - I'll stop bothering you!
34.5901 	WARNING 	Multiple images have needed resizing - I'll stop bothering you!
34.6202 	WARNING 	Multiple images have needed resizing - I'll stop bothering you!
34.6519 	WARNING 	Multiple images have needed resizing - I'll stop bothering you!
34.6825 	WARNING 	Multiple images have needed resizing - I'll stop bothering you!
34.7101 	WARNING 	Multiple images have needed resizing - I'll stop bothering you!
34.7388 	WARNING 	Multiple images have needed resizing - I'll stop bothering you!
34.7693 	WARNING 	Multiple images have needed resizing - I'll stop bothering you!
34.8000 	WARNING 	Multiple images have needed resizing - I'll stop bothering you!
34.8319 	WARNING 	Multiple images have needed resizing - I'll stop bothering you!
34.8586 	WARNING 	Multiple images have needed resizing - I'll stop bothering you!
34.8899 	WARNING 	Multiple images have needed resizing - I'll stop bothering you!
34.9206 	WARNING 	Multiple images have needed resizing - I'll stop bothering you!
34.9521 	WARNING 	Multiple images have needed resizing - I'll stop bothering you!
34.9813 	WARNING 	Multiple images have needed resizing - I'll stop bothering you!
35.0092 	WARNING 	Multiple images have needed resizing - I'll stop bothering you!
35.0410 	WARNING 	Multiple images have needed resizing - I'll stop bothering you!
35.0736 	WARNING 	Multiple images have needed resizing - I'll stop bothering you!
35.1042 	WARNING 	Multiple images have needed resizing - I'll stop bothering you!
35.1372 	WARNING 	Multiple images have needed resizing - I'll stop bothering you!
35.1677 	WARNING 	Multiple images have needed resizing - I'll stop bothering you!
35.1976 	WARNING 	Multiple images have needed resizing - I'll stop bothering you!
35.2236 	WARNING 	Multiple images have needed resizing - I'll stop bothering you!
35.2559 	WARNING 	Multiple images have needed resizing - I'll stop bothering you!
35.2854 	WARNING 	Multiple images have needed resizing - I'll stop bothering you!
35.3171 	WARNING 	Multiple images have needed resizing - I'll stop bothering you!
35.3543 	WARNING 	Multiple images have needed resizing - I'll stop bothering you!
35.3844 	WARNING 	Multiple images have needed resizing - I'll stop bothering you!
35.4138 	WARNING 	Multiple images have needed resizing - I'll stop bothering you!
35.4510 	WARNING 	Multiple images have needed resizing - I'll stop bothering you!
0.0011 	WARNING 	============start experiment at 2025-07-09 20:23:12.358551============
0.8425 	WARNING 	Current screen refresh rate 61Hz and frame period 16.39ms
7.7250 	DATA 	Mouse: Left button down, pos=(1045,450)
7.8272 	DATA 	Mouse:  Left button up, pos=(1045,450)
8.5357 	DATA 	Keypress: down
8.8468 	DATA 	Keypress: down
9.1435 	DATA 	Keypress: down
9.6925 	DATA 	Keypress: down
11.0442 	DATA 	Keypress: f1
48.2666 	DATA 	Mouse: Left button down, pos=(963,208)
48.3649 	DATA 	Mouse:  Left button up, pos=(963,208)
49.1288 	DATA 	Keypress: return
49.1395 	WARNING 	Start paradigm MI4C
54.2233 	DATA 	Keypress: f1
57.0092 	DATA 	Keypress: f1
84.2817 	DATA 	Mouse: Left button down, pos=(1262,291)
84.3941 	DATA 	Mouse:  Left button up, pos=(1262,291)
84.6584 	DATA 	Mouse: Left button down, pos=(1262,291)
84.7420 	DATA 	Mouse:  Left button up, pos=(1262,291)
84.7914 	DATA 	Mouse: Left button down, pos=(1262,291)
84.8610 	DATA 	Mouse:  Left button up, pos=(1262,291)
95.0883 	WARNING 	============end Experiemnt at 2025-07-09 20:24:47.444956============
